**** Incremental Build [Di, 2 Jul 2024 14:23:24] ****
 Project: FFT
 Configuration: hwsw_codesign2019_aligned
 Build Target: Debug
********************************
C:\usr\xtensa\XtDevTools\install\tools\RF-2016.4-win32\XtensaTools\bin\xt-xcc -c -g -O0 -fmessage-length=0 -I "C:/usr/xtensa/Xplorer-7.0.7-workspaces/FFT/FFT/HW-SW/XtensaInfo/Models/hwsw_codesign2019_aligned.tdk" -I "C:/usr/xtensa/Xplorer-7.0.7-workspaces/FFT/FFT/HW-SW/FFT" -DPROC_hwsw_codesign2019_aligned -DCONFIG_hwsw_codesign2019_aligned --xtensa-system=C:/usr/xtensa/XtDevTools/install/builds/RF-2016.4-win32/hwsw_codesign2019_aligned/config --xtensa-core=hwsw_codesign2019_aligned --xtensa-params=C:/usr/xtensa/Xplorer-7.0.7-workspaces/FFT/FFT/HW-SW/XtensaInfo/Models/hwsw_codesign2019_aligned.tdk "C:/usr/xtensa/Xplorer-7.0.7-workspaces/FFT/FFT/HW-SW/FFT/main.c" -o "C:/usr/xtensa/Xplorer-7.0.7-workspaces/FFT/FFT/HW-SW/FFT/bin/hwsw_codesign2019_aligned/Debug/main.o"
C:/usr/xtensa/Xplorer-7.0.7-workspaces/FFT/FFT/HW-SW/FFT/main.c: In function 'Test_fft_ref':
C:/usr/xtensa/Xplorer-7.0.7-workspaces/FFT/FFT/HW-SW/FFT/main.c:27: warning: incompatible implicit declaration of built-in function 'memcpy'
C:/usr/xtensa/Xplorer-7.0.7-workspaces/FFT/FFT/HW-SW/FFT/main.c: In function 'Test_fft_adv_dit':
C:/usr/xtensa/Xplorer-7.0.7-workspaces/FFT/FFT/HW-SW/FFT/main.c:36: warning: incompatible implicit declaration of built-in function 'memcpy'
C:/usr/xtensa/Xplorer-7.0.7-workspaces/FFT/FFT/HW-SW/FFT/main.c: In function 'Test_fft_adv_dif':
C:/usr/xtensa/Xplorer-7.0.7-workspaces/FFT/FFT/HW-SW/FFT/main.c:52: warning: incompatible implicit declaration of built-in function 'memcpy'
Time taken: 609 ms
C:\usr\xtensa\XtDevTools\install\tools\RF-2016.4-win32\XtensaTools\bin\xt-xc++ -Wl,@C:/usr/xtensa/Xplorer-7.0.7-workspaces/FFT/FFT/HW-SW/FFT/bin/hwsw_codesign2019_aligned/Debug/objfiles.list -o C:/usr/xtensa/Xplorer-7.0.7-workspaces/FFT/FFT/HW-SW/FFT/bin/hwsw_codesign2019_aligned/Debug/FFT.minsize -mlsp=sim -Wl,-r -nostdlib --xtensa-system=C:/usr/xtensa/XtDevTools/install/builds/RF-2016.4-win32/hwsw_codesign2019_aligned/config --xtensa-core=hwsw_codesign2019_aligned --xtensa-params=C:/usr/xtensa/Xplorer-7.0.7-workspaces/FFT/FFT/HW-SW/XtensaInfo/Models/hwsw_codesign2019_aligned.tdk
Time taken: 219 ms
C:\usr\xtensa\XtDevTools\install\tools\RF-2016.4-win32\XtensaTools\bin\xt-xc++ -Wl,@C:/usr/xtensa/Xplorer-7.0.7-workspaces/FFT/FFT/HW-SW/FFT/bin/hwsw_codesign2019_aligned/Debug/objfiles.list -o C:/usr/xtensa/Xplorer-7.0.7-workspaces/FFT/FFT/HW-SW/FFT/bin/hwsw_codesign2019_aligned/Debug/FFT -mlsp=sim --xtensa-system=C:/usr/xtensa/XtDevTools/install/builds/RF-2016.4-win32/hwsw_codesign2019_aligned/config --xtensa-core=hwsw_codesign2019_aligned --xtensa-params=C:/usr/xtensa/Xplorer-7.0.7-workspaces/FFT/FFT/HW-SW/XtensaInfo/Models/hwsw_codesign2019_aligned.tdk
Time taken: 578 ms
******* Code size summary *****
C:\usr\xtensa\XtDevTools\install\tools\RF-2016.4-win32\XtensaTools\bin\xt-size -C C:/usr/xtensa/Xplorer-7.0.7-workspaces/FFT/FFT/HW-SW/FFT/bin/hwsw_codesign2019_aligned/Debug/FFT
TYPE   	   text	 rodata	   data	    bss	    dec    hex	filename
code   	  49887	      0	      0	      0	  49887	   c2df	C:/usr/xtensa/Xplorer-7.0.7-workspaces/FFT/FFT/HW-SW/FFT/bin/hwsw_codesign2019_aligned/Debug/FFT
literal	    916	      0	      0	      0	    916	    394	C:/usr/xtensa/Xplorer-7.0.7-workspaces/FFT/FFT/HW-SW/FFT/bin/hwsw_codesign2019_aligned/Debug/FFT
other  	   1652	   1948	   4608	    352	   8560	   2170	C:/usr/xtensa/Xplorer-7.0.7-workspaces/FFT/FFT/HW-SW/FFT/bin/hwsw_codesign2019_aligned/Debug/FFT
Total  	  52455	   1948	   4608	    352	  59363	   e7e3	C:/usr/xtensa/Xplorer-7.0.7-workspaces/FFT/FFT/HW-SW/FFT/bin/hwsw_codesign2019_aligned/Debug/FFT
Time taken: 172 ms
******* ************** *****
Build successful !!
Total time taken: 2.359 secs
**** Build Finished [Di, 2 Jul 2024 14:23:26] ****
